#
# There is insufficient memory for the Java Runtime Environment to continue.
# Native memory allocation (mmap) failed to map 134217728 bytes for Failed to commit area from 0x0000000081c00000 to 0x0000000089c00000 of length 134217728.
# Possible reasons:
#   The system is out of physical RAM or swap space
#   The process is running with CompressedOops enabled, and the Java Heap may be blocking the growth of the native heap
# Possible solutions:
#   Reduce memory load on the system
#   Increase physical memory or swap space
#   Check if swap backing store is full
#   Decrease Java heap size (-Xmx/-Xms)
#   Decrease number of Java threads
#   Decrease Java thread stack sizes (-Xss)
#   Set larger code cache with -XX:ReservedCodeCacheSize=
#   JVM is running with Unscaled Compressed Oops mode in which the Java heap is
#     placed in the first 4GB address space. The Java Heap base address is the
#     maximum limit for the native heap growth. Please use -XX:HeapBaseMinAddress
#     to set the Java Heap base and to place the Java Heap above 4GB virtual address.
# This output file may be truncated or incomplete.
#
#  Out of Memory Error (./open/src/hotspot/os/windows/os_windows.cpp:3315), pid=8276, tid=29004
#
# JRE version:  (14.0.2+12) (build )
# Java VM: Java HotSpot(TM) 64-Bit Server VM (14.0.2+12-46, mixed mode, sharing, tiered, compressed oops, g1 gc, windows-amd64)
# No core dump will be written. Minidumps are not enabled by default on client versions of Windows
#

---------------  S U M M A R Y ------------

Command Line: -Dfile.encoding=Cp1252 --module-path=C:\Program Files\mysql-connector-java-8.0.26\mysql-connector-java-8.0.26\mysql-connector-java-8.0.26.jar -XX:+ShowCodeDetailsInExceptionMessages lms.admin

Host: Intel(R) Core(TM) i5-8265U CPU @ 1.60GHz, 8 cores, 7G,  Windows 10 , 64 bit Build 22000 (10.0.22000.318)
Time: Sat Dec 11 17:01:09 2021 India Standard Time elapsed time: 0 seconds (0d 0h 0m 0s)

---------------  T H R E A D  ---------------

Current thread (0x000002670114c000):  JavaThread "Unknown thread" [_thread_in_vm, id=29004, stack(0x0000008463000000,0x0000008463100000)]

Stack: [0x0000008463000000,0x0000008463100000]
Native frames: (J=compiled Java code, j=interpreted, Vv=VM code, C=native code)
V  [jvm.dll+0x5f8a9a]
V  [jvm.dll+0x74247a]
V  [jvm.dll+0x743c2f]
V  [jvm.dll+0x744273]
V  [jvm.dll+0x20d288]
V  [jvm.dll+0x5f5dea]
V  [jvm.dll+0x5eac45]
V  [jvm.dll+0x2c7e9c]
V  [jvm.dll+0x2c7cd2]
V  [jvm.dll+0x2cdbbc]
V  [jvm.dll+0x313fe8]
V  [jvm.dll+0x313710]
V  [jvm.dll+0x2a092a]
V  [jvm.dll+0x2a1a79]
V  [jvm.dll+0x71fd48]
V  [jvm.dll+0x321c14]
V  [jvm.dll+0x70112c]
V  [jvm.dll+0x392def]
V  [jvm.dll+0x394e61]
C  [jli.dll+0x524b]
C  [ucrtbase.dll+0x26c0c]
C  [KERNEL32.DLL+0x154e0]
C  [ntdll.dll+0x485b]


---------------  P R O C E S S  ---------------

Threads class SMR info:
_java_thread_list=0x00007ffb787e3038, length=0, elements={
}

Java Threads: ( => current thread )

Other Threads:
  0x000002670118f000 GCTaskThread "GC Thread#0" [stack: 0x0000008463100000,0x0000008463200000] [id=26676]
  0x00000267011a0800 ConcurrentGCThread "G1 Main Marker" [stack: 0x0000008463200000,0x0000008463300000] [id=29084]
  0x00000267011a3000 ConcurrentGCThread "G1 Conc#0" [stack: 0x0000008463300000,0x0000008463400000] [id=29088]

[error occurred during error reporting (printing all threads), id 0xc0000005, EXCEPTION_ACCESS_VIOLATION (0xc0000005) at pc=0x00007ffb78011257]

VM state:not at safepoint (not fully initialized)

VM Mutex/Monitor currently owned by a thread:  ([mutex/lock_event])
[0x00000267011478c0] Heap_lock - owner thread: 0x000002670114c000

Heap address: 0x0000000081c00000, size: 2020 MB, Compressed Oops mode: 32-bit
Narrow klass base: 0x0000000000000000, Narrow klass shift: 0

GC Heap History (0 events):
No events

Deoptimization events (0 events):
No events

Classes unloaded (0 events):
No events

Classes redefined (0 events):
No events

Internal exceptions (0 events):
No events

Events (2 events):
Event: 0.006 Loaded shared library C:\Program Files\Java\jdk-14.0.2\bin\java.dll
Event: 0.006 Loaded shared library C:\Program Files\Java\jdk-14.0.2\bin\zip.dll


Dynamic libraries:
0x00007ff65b420000 - 0x00007ff65b42f000 	C:\Program Files\Java\jdk-14.0.2\bin\javaw.exe
0x00007ffbcf420000 - 0x00007ffbcf627000 	C:\WINDOWS\SYSTEM32\ntdll.dll
0x00007ffbcd420000 - 0x00007ffbcd4dd000 	C:\WINDOWS\System32\KERNEL32.DLL
0x00007ffbccbd0000 - 0x00007ffbccf44000 	C:\WINDOWS\System32\KERNELBASE.dll
0x00007ffbcd190000 - 0x00007ffbcd2a1000 	C:\WINDOWS\System32\ucrtbase.dll
0x00007ffbc6e00000 - 0x00007ffbc6e15000 	C:\Program Files\Java\jdk-14.0.2\bin\VCRUNTIME140.dll
0x00007ffbb7640000 - 0x00007ffbb7658000 	C:\Program Files\Java\jdk-14.0.2\bin\jli.dll
0x00007ffbce960000 - 0x00007ffbcea0c000 	C:\WINDOWS\System32\ADVAPI32.dll
0x00007ffbce270000 - 0x00007ffbce313000 	C:\WINDOWS\System32\msvcrt.dll
0x00007ffbcf270000 - 0x00007ffbcf30d000 	C:\WINDOWS\System32\sechost.dll
0x00007ffbcd4e0000 - 0x00007ffbcd601000 	C:\WINDOWS\System32\RPCRT4.dll
0x00007ffbce040000 - 0x00007ffbce1ec000 	C:\WINDOWS\System32\USER32.dll
0x00007ffbcc9c0000 - 0x00007ffbcc9e6000 	C:\WINDOWS\System32\win32u.dll
0x00007ffbb1ad0000 - 0x00007ffbb1d75000 	C:\WINDOWS\WinSxS\amd64_microsoft.windows.common-controls_6595b64144ccf1df_6.0.22000.120_none_9d947278b86cc467\COMCTL32.dll
0x00007ffbcdf80000 - 0x00007ffbcdfa9000 	C:\WINDOWS\System32\GDI32.dll
0x00007ffbccff0000 - 0x00007ffbcd102000 	C:\WINDOWS\System32\gdi32full.dll
0x00007ffbccf50000 - 0x00007ffbccfed000 	C:\WINDOWS\System32\msvcp_win.dll
0x00007ffbc4980000 - 0x00007ffbc498a000 	C:\WINDOWS\SYSTEM32\VERSION.dll
0x00007ffbceee0000 - 0x00007ffbcef11000 	C:\WINDOWS\System32\IMM32.DLL
0x00007ffba8e50000 - 0x00007ffba8eeb000 	C:\Program Files\Java\jdk-14.0.2\bin\msvcp140.dll
0x00007ffb77d60000 - 0x00007ffb7887e000 	C:\Program Files\Java\jdk-14.0.2\bin\server\jvm.dll
0x00007ffbce1f0000 - 0x00007ffbce1f8000 	C:\WINDOWS\System32\PSAPI.DLL
0x00007ffbb1540000 - 0x00007ffbb1549000 	C:\WINDOWS\SYSTEM32\WSOCK32.dll
0x00007ffbc62c0000 - 0x00007ffbc62f3000 	C:\WINDOWS\SYSTEM32\WINMM.dll
0x00007ffbce200000 - 0x00007ffbce26f000 	C:\WINDOWS\System32\WS2_32.dll
0x00007ffbcba20000 - 0x00007ffbcba38000 	C:\WINDOWS\SYSTEM32\kernel.appcore.dll
0x00007ffbc33a0000 - 0x00007ffbc33aa000 	C:\Program Files\Java\jdk-14.0.2\bin\jimage.dll
0x00007ffbca600000 - 0x00007ffbca821000 	C:\WINDOWS\SYSTEM32\DBGHELP.DLL
0x00007ffbb06d0000 - 0x00007ffbb0701000 	C:\WINDOWS\SYSTEM32\dbgcore.DLL
0x00007ffbcd110000 - 0x00007ffbcd190000 	C:\WINDOWS\System32\bcryptPrimitives.dll
0x00007ffbc3370000 - 0x00007ffbc3395000 	C:\Program Files\Java\jdk-14.0.2\bin\java.dll
0x00007ffbc3350000 - 0x00007ffbc3366000 	C:\Program Files\Java\jdk-14.0.2\bin\zip.dll

dbghelp: loaded successfully - version: 4.0.5 - missing functions: none
symbol engine: initialized successfully - sym options: 0x614 - pdb path: .;C:\Program Files\Java\jdk-14.0.2\bin;C:\WINDOWS\SYSTEM32;C:\WINDOWS\WinSxS\amd64_microsoft.windows.common-controls_6595b64144ccf1df_6.0.22000.120_none_9d947278b86cc467;C:\Program Files\Java\jdk-14.0.2\bin\server

VM Arguments:
jvm_args: -Dfile.encoding=Cp1252 --module-path=C:\Program Files\mysql-connector-java-8.0.26\mysql-connector-java-8.0.26\mysql-connector-java-8.0.26.jar -XX:+ShowCodeDetailsInExceptionMessages 
java_command: lms.admin
java_class_path (initial): C:\Users\mdadn\eclipse-workspace\LMS\bin
Launcher Type: SUN_STANDARD

[Global flags]
     intx CICompilerCount                          = 4                                         {product} {ergonomic}
     uint ConcGCThreads                            = 2                                         {product} {ergonomic}
     uint G1ConcRefinementThreads                  = 8                                         {product} {ergonomic}
   size_t G1HeapRegionSize                         = 1048576                                   {product} {ergonomic}
    uintx GCDrainStackTargetSize                   = 64                                        {product} {ergonomic}
   size_t InitialHeapSize                          = 134217728                                 {product} {ergonomic}
   size_t MarkStackSize                            = 4194304                                   {product} {ergonomic}
   size_t MaxHeapSize                              = 2118123520                                {product} {ergonomic}
   size_t MinHeapDeltaBytes                        = 1048576                                   {product} {ergonomic}
   size_t MinHeapSize                              = 8388608                                   {product} {ergonomic}
    uintx NonNMethodCodeHeapSize                   = 5839372                                {pd product} {ergonomic}
    uintx NonProfiledCodeHeapSize                  = 122909434                              {pd product} {ergonomic}
    uintx ProfiledCodeHeapSize                     = 122909434                              {pd product} {ergonomic}
    uintx ReservedCodeCacheSize                    = 251658240                              {pd product} {ergonomic}
     bool SegmentedCodeCache                       = true                                      {product} {ergonomic}
     bool ShowCodeDetailsInExceptionMessages       = true                                   {manageable} {command line}
   size_t SoftMaxHeapSize                          = 2118123520                             {manageable} {ergonomic}
     bool UseCompressedClassPointers               = true                                 {lp64_product} {ergonomic}
     bool UseCompressedOops                        = true                                 {lp64_product} {ergonomic}
     bool UseG1GC                                  = true                                      {product} {ergonomic}
     bool UseLargePagesIndividualAllocation        = false                                  {pd product} {ergonomic}

Logging:
Log output configuration:
 #0: stdout all=warning uptime,level,tags
 #1: stderr all=off uptime,level,tags

Environment Variables:
JAVA_HOME=C:\Program Files\Java\jdk-14.0.2
PATH=C:/Program Files/Java/jdk-14.0.2/bin/server;C:/Program Files/Java/jdk-14.0.2/bin;C:\Python39\Scripts\;C:\Python39\;C:\oraclexe\app\oracle\product\11.2.0\server\bin;C:\WINDOWS\system32;C:\WINDOWS;C:\WINDOWS\System32\Wbem;C:\WINDOWS\System32\WindowsPowerShell\v1.0\;C:\WINDOWS\System32\OpenSSH\;C:\Program Files\Java\jdk-14.0.2\bin;C:\Program Files (x86)\CodeBlocks\MinGW\bin;C:\MinGW\bin;C:\Users\mdadn\AppData\Local\Programs\Python\Python39;C:\Users\mdadn\AppData\Local\Programs\Python\Python39\Scripts;C:\ProgramData\chocolatey\bin;C:\Program Files\;C:\Program Files\MySQL\MySQL Shell 8.0\bin\;C:\Users\mdadn\AppData\Local\Microsoft\WindowsApps;C:\Users\mdadn\AppData\Local\Programs\Microsoft VS Code\bin;C:\Users\mdadn\AppData\Roaming\npm;;C:\Users\mdadn\Desktop;
USERNAME=mdadn
OS=Windows_NT
PROCESSOR_IDENTIFIER=Intel64 Family 6 Model 142 Stepping 12, GenuineIntel



---------------  S Y S T E M  ---------------

OS: Windows 10 , 64 bit Build 22000 (10.0.22000.318)
OS uptime: 4 days 5:54 hours

CPU:total 8 (initial active 8) (4 cores per cpu, 2 threads per core) family 6 model 142 stepping 12, cmov, cx8, fxsr, mmx, sse, sse2, sse3, ssse3, sse4.1, sse4.2, popcnt, avx, avx2, aes, clmul, erms, 3dnowpref, lzcnt, ht, tsc, tscinvbit, bmi1, bmi2, adx, fma

Memory: 4k page, system-wide physical 8078M (422M free)
TotalPageFile size 32654M (AvailPageFile size 54M)
current process WorkingSet (physical memory assigned to process): 10M, peak: 10M
current process commit charge ("private bytes"): 60M, peak: 188M

vm_info: Java HotSpot(TM) 64-Bit Server VM (14.0.2+12-46) for windows-amd64 JRE (14.0.2+12-46), built on Jul  9 2020 00:35:52 by "mach5one" with MS VC++ 15.9 (VS2017)

END.
